<?xml version="1.0" encoding="UTF-8"?>
<!-- Generated by org.testng.reporters.JUnitXMLReporter -->
<testsuite ignored="5" hostname="LAPTOP-8PN3JMD9" failures="0" tests="1" name="Default test" time="50.45" errors="0" timestamp="2022-04-25T16:53:11 IST">
  <testcase classname="tc.TestCases" name="tc06_buyProduct" time="39.863"/>
  <testcase classname="tc.TestCases" name="tc03_login" time="0.0">
    <ignored/>
  </testcase> <!-- tc03_login -->
  <testcase classname="tc.TestCases" name="tc05_searchProduct" time="0.0">
    <ignored/>
  </testcase> <!-- tc05_searchProduct -->
  <testcase classname="tc.TestCases" name="tc01_signup" time="0.0">
    <ignored/>
  </testcase> <!-- tc01_signup -->
  <testcase classname="tc.TestCases" name="tc02_signIn" time="0.0">
    <ignored/>
  </testcase> <!-- tc02_signIn -->
  <testcase classname="tc.TestCases" name="tc04_errorMessages" time="0.0">
    <ignored/>
  </testcase> <!-- tc04_errorMessages -->
</testsuite> <!-- Default test -->
