<?xml version="1.0" encoding="UTF-8"?>
<!-- Generated by org.testng.reporters.JUnitXMLReporter -->
<testsuite ignored="5" hostname="LAPTOP-8PN3JMD9" failures="0" tests="1" name="Default test" time="22.805" errors="0" timestamp="2022-04-27T18:28:24 IST">
  <testcase classname="tc.TestCases" name="tc02_verifySignIn" time="8.202"/>
  <testcase classname="tc.TestCases" name="tc05_searchProduct" time="0.0">
    <ignored/>
  </testcase> <!-- tc05_searchProduct -->
  <testcase classname="tc.TestCases" name="tc01_signup" time="0.0">
    <ignored/>
  </testcase> <!-- tc01_signup -->
  <testcase classname="tc.TestCases" name="tc06_buyProduct" time="0.0">
    <ignored/>
  </testcase> <!-- tc06_buyProduct -->
  <testcase classname="tc.TestCases" name="tc04_errorMessages" time="0.0">
    <ignored/>
  </testcase> <!-- tc04_errorMessages -->
  <testcase classname="tc.TestCases" name="tc03_VerifyInvalidSignIn" time="0.0">
    <ignored/>
  </testcase> <!-- tc03_VerifyInvalidSignIn -->
</testsuite> <!-- Default test -->
