<?xml version="1.0" encoding="UTF-8"?>
<testng-results ignored="5" total="6" passed="1" failed="0" skipped="0">
  <reporter-output>
    <line>
      <![CDATA[Navigated to browser:chrome
URL: http://automationpractice.com/index.php]]>
    </line>
    <line>
      <![CDATA[Buy Product Test passed]]>
    </line>
  </reporter-output>
  <suite started-at="2022-04-25T16:52:20 IST" name="Default suite" finished-at="2022-04-25T16:53:11 IST" duration-ms="50450">
    <groups>
    </groups>
    <test started-at="2022-04-25T16:52:20 IST" name="Default test" finished-at="2022-04-25T16:53:11 IST" duration-ms="50450">
      <class name="tc.TestCases">
        <test-method is-config="true" signature="start()[pri:0, instance:tc.TestCases@d5b810e]" started-at="2022-04-25T16:52:20 IST" name="start" finished-at="2022-04-25T16:52:30 IST" duration-ms="10151" status="PASS">
          <reporter-output>
            <line>
              <![CDATA[Navigated to browser:chrome
URL: http://automationpractice.com/index.php]]>
            </line>
          </reporter-output>
        </test-method> <!-- start -->
        <test-method signature="tc06_buyProduct()[pri:0, instance:tc.TestCases@d5b810e]" started-at="2022-04-25T16:52:30 IST" name="tc06_buyProduct" finished-at="2022-04-25T16:53:10 IST" duration-ms="39863" status="PASS">
          <reporter-output>
            <line>
              <![CDATA[Buy Product Test passed]]>
            </line>
          </reporter-output>
        </test-method> <!-- tc06_buyProduct -->
        <test-method is-config="true" signature="end()[pri:0, instance:tc.TestCases@d5b810e]" started-at="2022-04-25T16:53:10 IST" name="end" finished-at="2022-04-25T16:53:11 IST" duration-ms="364" status="PASS">
          <reporter-output>
          </reporter-output>
        </test-method> <!-- end -->
      </class> <!-- tc.TestCases -->
    </test> <!-- Default test -->
  </suite> <!-- Default suite -->
</testng-results>
