<?xml version="1.0" encoding="UTF-8"?>
<testng-results ignored="5" total="6" passed="1" failed="0" skipped="0">
  <reporter-output>
    <line>
      <![CDATA[Navigated to browser:chrome
URL: http://automationpractice.com/index.php]]>
    </line>
    <line>
      <![CDATA[User Yeda Anna logged in Successfully]]>
    </line>
  </reporter-output>
  <suite started-at="2022-04-27T18:28:01 IST" name="Default suite" finished-at="2022-04-27T18:28:24 IST" duration-ms="22805">
    <groups>
    </groups>
    <test started-at="2022-04-27T18:28:01 IST" name="Default test" finished-at="2022-04-27T18:28:24 IST" duration-ms="22805">
      <class name="tc.TestCases">
        <test-method is-config="true" signature="start()[pri:0, instance:tc.TestCases@d5b810e]" started-at="2022-04-27T18:28:01 IST" name="start" finished-at="2022-04-27T18:28:15 IST" duration-ms="13496" status="PASS">
          <reporter-output>
            <line>
              <![CDATA[Navigated to browser:chrome
URL: http://automationpractice.com/index.php]]>
            </line>
          </reporter-output>
        </test-method> <!-- start -->
        <test-method signature="tc02_verifySignIn()[pri:0, instance:tc.TestCases@d5b810e]" started-at="2022-04-27T18:28:15 IST" name="tc02_verifySignIn" finished-at="2022-04-27T18:28:23 IST" duration-ms="8202" status="PASS">
          <reporter-output>
            <line>
              <![CDATA[User Yeda Anna logged in Successfully]]>
            </line>
          </reporter-output>
        </test-method> <!-- tc02_verifySignIn -->
        <test-method is-config="true" signature="end()[pri:0, instance:tc.TestCases@d5b810e]" started-at="2022-04-27T18:28:23 IST" name="end" finished-at="2022-04-27T18:28:24 IST" duration-ms="1023" status="PASS">
          <reporter-output>
          </reporter-output>
        </test-method> <!-- end -->
      </class> <!-- tc.TestCases -->
    </test> <!-- Default test -->
  </suite> <!-- Default suite -->
</testng-results>
